This is pdfTeX, Version 3.14159265-2.6-1.40.20 (MiKTeX 2.9.7140 64-bit) (preloaded format=pdflatex 2019.9.18)  23 OCT 2019 20:20
entering extended mode
**"./EV_3_4_Describir los métodos geométrico, algebraico y desacoplo cinemát
ico.tex"

("EV_3_4_Describir los métodos geométrico, algebraico y desacoplo cinemático
.tex"
LaTeX2e <2018-12-01>

("C:\Users\Everardo\AppData\Local\Programs\MiKTeX 2.9\tex/latex/newlfm\newlfm.c
ls"
Document Class: newlfm 2009/04/10 v9.4 Letter-Fax-Memo LaTeX Document Class

("C:\Users\Everardo\AppData\Local\Programs\MiKTeX 2.9\tex/latex/graphics\keyval
.sty"
Package: keyval 2014/10/28 v1.15 key=value parser (DPC)
\KV@toks@=\toks14
)
("C:\Users\Everardo\AppData\Local\Programs\MiKTeX 2.9\tex/latex/base\ifthen.sty
"
Package: ifthen 2014/09/29 v1.1c Standard LaTeX ifthen package (DPC)
)
("C:\Users\Everardo\AppData\Local\Programs\MiKTeX 2.9\tex/generic/oberdiek\ifpd
f.sty"
Package: ifpdf 2018/09/07 v3.3 Provides the ifpdf switch
)
("C:\Users\Everardo\AppData\Local\Programs\MiKTeX 2.9\tex/latex/newlfm\setdim.s
ty"
Package: setdim 2009/04/10 v9.4 Address macros
)
("C:\Users\Everardo\AppData\Local\Programs\MiKTeX 2.9\tex/latex/fancyhdr\fancyh
dr.sty"
Package: fancyhdr 2019/01/31 v3.10 Extensive control of page headers and footer
s
\f@nch@headwidth=\skip41
\f@nch@O@elh=\skip42
\f@nch@O@erh=\skip43
\f@nch@O@olh=\skip44
\f@nch@O@orh=\skip45
\f@nch@O@elf=\skip46
\f@nch@O@erf=\skip47
\f@nch@O@olf=\skip48
\f@nch@O@orf=\skip49
)
("C:\Users\Everardo\AppData\Local\Programs\MiKTeX 2.9\tex/latex/eso-pic\eso-pic
.sty"
Package: eso-pic 2018/04/12 v2.0h eso-pic (RN)

("C:\Users\Everardo\AppData\Local\Programs\MiKTeX 2.9\tex/generic/oberdiek\atbe
gshi.sty"
Package: atbegshi 2016/06/09 v1.18 At begin shipout hook (HO)

("C:\Users\Everardo\AppData\Local\Programs\MiKTeX 2.9\tex/generic/oberdiek\infw
arerr.sty"
Package: infwarerr 2016/05/16 v1.4 Providing info/warning/error messages (HO)
)
("C:\Users\Everardo\AppData\Local\Programs\MiKTeX 2.9\tex/generic/oberdiek\ltxc
mds.sty"
Package: ltxcmds 2016/05/16 v1.23 LaTeX kernel commands for general use (HO)
))
("C:\Users\Everardo\AppData\Local\Programs\MiKTeX 2.9\tex/latex/xcolor\xcolor.s
ty"
Package: xcolor 2016/05/11 v2.12 LaTeX color extensions (UK)

("C:\Users\Everardo\AppData\Local\Programs\MiKTeX 2.9\tex/latex/graphics-cfg\co
lor.cfg"
File: color.cfg 2016/01/02 v1.6 sample color configuration
)
Package xcolor Info: Driver file: pdftex.def on input line 225.

("C:\Users\Everardo\AppData\Local\Programs\MiKTeX 2.9\tex/latex/graphics-def\pd
ftex.def"
File: pdftex.def 2018/01/08 v1.0l Graphics/color driver for pdftex
)
Package xcolor Info: Model `cmy' substituted by `cmy0' on input line 1348.
Package xcolor Info: Model `hsb' substituted by `rgb' on input line 1352.
Package xcolor Info: Model `RGB' extended on input line 1364.
Package xcolor Info: Model `HTML' substituted by `rgb' on input line 1366.
Package xcolor Info: Model `Hsb' substituted by `hsb' on input line 1367.
Package xcolor Info: Model `tHsb' substituted by `hsb' on input line 1368.
Package xcolor Info: Model `HSB' substituted by `hsb' on input line 1369.
Package xcolor Info: Model `Gray' substituted by `gray' on input line 1370.
Package xcolor Info: Model `wave' substituted by `hsb' on input line 1371.
))
("C:\Users\Everardo\AppData\Local\Programs\MiKTeX 2.9\tex/latex/setspace\setspa
ce.sty"
Package: setspace 2011/12/19 v6.7a set line spacing
)
("C:\Users\Everardo\AppData\Local\Programs\MiKTeX 2.9\tex/latex/lastpage\lastpa
ge.sty"
Package: lastpage 2015/03/29 v1.2m Refers to last page's name (HMM; JPG)
)
("C:\Users\Everardo\AppData\Local\Programs\MiKTeX 2.9\tex/latex/tools\calc.sty"
Package: calc 2017/05/25 v4.3 Infix arithmetic (KKT,FJ)
\calc@Acount=\count80
\calc@Bcount=\count81
\calc@Adimen=\dimen102
\calc@Bdimen=\dimen103
\calc@Askip=\skip50
\calc@Bskip=\skip51
LaTeX Info: Redefining \setlength on input line 80.
LaTeX Info: Redefining \addtolength on input line 81.
\calc@Ccount=\count82
\calc@Cskip=\skip52
)
("C:\Users\Everardo\AppData\Local\Programs\MiKTeX 2.9\tex/latex/graphics\graphi
cx.sty"
Package: graphicx 2017/06/01 v1.1a Enhanced LaTeX Graphics (DPC,SPQR)

("C:\Users\Everardo\AppData\Local\Programs\MiKTeX 2.9\tex/latex/graphics\graphi
cs.sty"
Package: graphics 2017/06/25 v1.2c Standard LaTeX Graphics (DPC,SPQR)

("C:\Users\Everardo\AppData\Local\Programs\MiKTeX 2.9\tex/latex/graphics\trig.s
ty"
Package: trig 2016/01/03 v1.10 sin cos tan (DPC)
)
("C:\Users\Everardo\AppData\Local\Programs\MiKTeX 2.9\tex/latex/graphics-cfg\gr
aphics.cfg"
File: graphics.cfg 2016/06/04 v1.11 sample graphics configuration
)
Package graphics Info: Driver file: pdftex.def on input line 99.
)
\Gin@req@height=\dimen104
\Gin@req@width=\dimen105
)
("C:\Users\Everardo\AppData\Local\Programs\MiKTeX 2.9\tex/latex/graphics\rotati
ng.sty"
Package: rotating 2016/08/11 v2.16d rotated objects in LaTeX
\c@r@tfl@t=\count83
\rotFPtop=\skip53
\rotFPbot=\skip54
\rot@float@box=\box27
\rot@mess@toks=\toks15
)
\@addr@fr@sk@b=\skip55
\@addr@fr@sk@a=\skip56
\@addr@to@sk@b=\skip57
\@addr@to@sk@a=\skip58
\@blka@b=\skip59
\@blka@a=\skip60
\@blkb@b=\skip61
\@blkb@a=\skip62
\@blkc@b=\skip63
\@blkc@a=\skip64
\@caption@skip@above=\skip65
\@caption@skip@below=\skip66
\@cello@h=\skip67
\@cello@w=\skip68
\@cello@d=\skip69
\@cello@l=\skip70
\@dt@sk@b=\skip71
\@dt@sk@a=\skip72
\@Dth@H@L=\skip73
\@Dth@H@C=\skip74
\@Dth@H@R=\skip75
\@Dth@F@L=\skip76
\@Dth@F@C=\skip77
\@Dth@F@R=\skip78
\@Dth@h@l=\skip79
\@Dth@h@c=\skip80
\@Dth@h@r=\skip81
\@Dth@f@l=\skip82
\@Dth@f@c=\skip83
\@Dth@f@r=\skip84
\@greet@to@sk@b=\skip85
\@greet@to@sk@a=\skip86
\@Hgt@Head=\skip87
\@Hrw=\skip88
\@hrw=\skip89
\@extr@hor=\skip90
\@Frw=\skip91
\@frw=\skip92
\@Hgt@Foot=\skip93
\@Hgt@head=\skip94
\@Hgt@foot=\skip95
\@Hgt@H@L=\skip96
\@Hgt@H@C=\skip97
\@Hgt@H@R=\skip98
\@Hgt@F@L=\skip99
\@Hgt@F@C=\skip100
\@Hgt@F@R=\skip101
\@Hgt@h@l=\skip102
\@Hgt@h@c=\skip103
\@Hgt@h@r=\skip104
\@Hgt@f@l=\skip105
\@Hgt@f@c=\skip106
\@Hgt@f@r=\skip107
\@lab@bl=\skip108
\@lab@pl=\skip109
\@lab@pw=\skip110
\@lab@bh=\skip111
\@lab@bw=\skip112
\@lab@th=\skip113
\@lab@lm=\skip114
\@marg@lt=\skip115
\@marg@rt=\skip116
\@marg@tp=\skip117
\@marg@bt=\skip118
\@marg@tp@a=\skip119
\@marg@bt@a=\skip120
\@marg@bt@b=\skip121
\@marg@tp@b=\skip122
\@marg@tp@s=\skip123
\@marg@lt@r=\skip124
\@marg@lt@l=\skip125
\@marg@rt@r=\skip126
\@marg@rt@l=\skip127
\@marg@lt@tp@d=\skip128
\@marg@rt@tp@d=\skip129
\@Min@Hgt@Head=\skip130
\@Min@Hgt@head=\skip131
\@Min@Hgt@Foot=\skip132
\@Min@Hgt@foot=\skip133
\@Min@Hgt@Right=\skip134
\@Min@Hgt@right=\skip135
\@Min@Hgt@Left=\skip136
\@Min@Hgt@left=\skip137
\@Plg=\skip138
\@Pwd=\skip139
\@plg=\skip140
\@pwd=\skip141
\@post@sig@sp@a=\skip142
\@post@sig@sp@b=\skip143
\@pre@memo@sp=\skip144
\@post@memo@sp=\skip145
\@sig@sp=\skip146
\@text@width=\skip147
\@sig@sk@a=\skip148
\@sig@sk@b=\skip149
\@sig@sk@c=\skip150
\@sig@sk@r=\skip151
\@cls@sk@a=\skip152
\@cls@sk@b=\skip153
\@text@height=\skip154
\@unpr@tp=\skip155
\@unpr@bm=\skip156
\@unpr@rt=\skip157
\@unpr@lt=\skip158
\@util=\skip159
\@utila=\skip160
\@utilb=\skip161
\@utilc=\skip162
\@utild=\skip163
\@utile=\skip164
\@utilf=\skip165
\@utilg=\skip166
\@utilh=\skip167
\@utili=\skip168
\@utilj=\skip169
\@utilk=\skip170
\@utill=\skip171
\@xda=\skip172
\@xdb=\skip173
\@xdc=\skip174
\@xdd=\skip175
\@xde=\skip176
\@xdf=\skip177
\@xdg=\skip178
\@xdh=\skip179
\@xdi=\skip180
\@sig@box@a=\box28
\b@addr@fr=\box29
\b@addr@to=\box30
\@x@c=\box31
\@x@l=\box32
\@x@r=\box33
\fba=\box34
\adrfr=\box35
\adrto=\box36
\@sig@box@b=\box37
\@sig@box@c=\box38
\@sig@box@d=\box39
\@sig@box@e=\box40
\@sig@box@f=\box41
\@sig@box@g=\box42
\@sig@box@h=\box43
\@sig@box@i=\box44
\@sig@box@j=\box45
\@rest@ltr=\box46
\@resta@ltr=\box47
\@restb@ltr=\box48
\@restc@ltr=\box49
\@restd@ltr=\box50
\@reste@ltr=\box51
\c@@c@pos=\count84
\c@figure=\count85
\c@table=\count86
\c@@sig@tot=\count87
\c@@lab@tot@row=\count88
\c@@lab@tot@col=\count89
\c@@lab@cnt@row=\count90
\c@@lab@cnt@col=\count91
\@nlfm@addr=\count92
\@nlfm@util=\count93
\@nlfm@uta=\count94
\@nlfm@utb=\count95

All language information must be in newlfm.cls
("C:\Users\Everardo\AppData\Local\Programs\MiKTeX 2.9\tex/latex/base\letter.cls
"
Document Class: letter 2014/09/29 v1.2z Standard LaTeX document class
("C:\Users\Everardo\AppData\Local\Programs\MiKTeX 2.9\tex/latex/base\size10.clo
"
File: size10.clo 2018/09/03 v1.4i Standard LaTeX file (size option)
)
\longindentation=\dimen106
\indentedwidth=\dimen107
\labelcount=\count96
)
("C:\Users\Everardo\AppData\Local\Programs\MiKTeX 2.9\tex/latex/newlfm\addrset.
sty"
Package: addrset 2009/04/10 v9.4 Address macros
)
("C:\Users\Everardo\AppData\Local\Programs\MiKTeX 2.9\tex/latex/tools\afterpage
.sty"
Package: afterpage 2014/10/28 v1.08 After-Page Package (DPC)
\AP@output=\toks16
\AP@partial=\box52
\AP@footins=\box53
)
("C:\Users\Everardo\AppData\Local\Programs\MiKTeX 2.9\tex/latex/envlab\envlab.s
ty"
Package: envlab 1997/07/16 v1.2 Envelopes and Labels
Package envlab Info: Envelopes & Labels package: found makelabels...
(envlab)             Seems everything is OK. Good luck. on input line 58.
\@envelopeposition=\count97
\PSEnvelopeTray=\toks17
\EnvelopeWidth=\skip181
\EnvelopeHeight=\skip182
\EnvelopeTopMargin=\skip183
\EnvelopeLeftMargin=\skip184
\LabelWidth=\skip185
\LabelHeight=\skip186
\LabelTopMargin=\skip187
\LabelLeftMargin=\skip188
\LabelRightMargin=\skip189
\c@LabelMaxCol=\count98
\c@LabelMaxRow=\count99
\FromAddressTopMargin=\skip190
\FromAddressLeftMargin=\skip191
\FromAddressHeight=\skip192
\FromAddressWidth=\skip193
\ToAddressTopMargin=\skip194
\ToAddressLeftMargin=\skip195
\ToAddressWidth=\skip196

Loading configuration file envlab.cfg

("C:\Users\Everardo\AppData\Local\Programs\MiKTeX 2.9\tex/latex/envlab\envlab.c
fg"
File: envlab.cfg 1997/07/16 v1.2 Envelopes and Labels
)
\c@LabelCountCol=\count100
\c@LabelCountRow=\count101
\c@LabelOffsetCol=\count102
\c@LabelOffsetRow=\count103
\@numreturnlabels=\count104
\@zipcode=\toks18
\@zipcodesum=\count105
\@barcodewidth=\skip197
\@barcodeLheight=\skip198
\@barcodeSheight=\skip199
\@barcodeskip=\skip256
\@addr@cap=\toks19
)
The default definition for memosec is used. File memosec.tex doesn't exist.
Press release definitions stored in newlfm.cls
faxpage definitions stored in newlfm.cls
letrinfo.tex\ not found. All letter definitions must be in newlfm.cls
LaTeX Info: Redefining \@texttop on input line 1884.
\@rep@th=\dimen108
\@rep@tw=\dimen109
\@rep@om=\dimen110
\@rep@em=\dimen111
\@rep@cs=\dimen112
\@rep@tm=\dimen113
\@rep@hh=\dimen114
\@rep@hs=\dimen115
\@rep@fs=\dimen116
)
("C:\Users\Everardo\AppData\Local\Programs\MiKTeX 2.9\tex/latex/pdfpages\pdfpag
es.sty"
Package: pdfpages 2019/09/21 v0.5n Insert pages of external PDF documents (AM)
\AM@pagewidth=\dimen117
\AM@pageheight=\dimen118

("C:\Users\Everardo\AppData\Local\Programs\MiKTeX 2.9\tex/latex/pdfpages\pppdft
ex.def"
File: pppdftex.def 2019/09/21 v0.5n Pdfpages driver for pdfTeX (AM)
)
\AM@pagebox=\box54
\AM@global@opts=\toks20
\AM@toc@title=\toks21
\c@AM@survey=\count106
\AM@templatesizebox=\box55
)
("C:\Users\Everardo\AppData\Local\Programs\MiKTeX 2.9\tex/latex/psnfss\charter.
sty"
Package: charter 2005/04/12 PSNFSS-v9.2a (P.Dyballa) 
)
\Luiuc=\box56
<s.PNG, id=1, 395.4775pt x 498.86375pt>
File: s.PNG Graphic file (type png)
<use s.PNG>
Package pdftex.def Info: s.PNG  used on input line 7.
(pdftex.def)             Requested size: 151.76659pt x 191.44275pt.

Overfull \hbox (25.2941pt too wide) in paragraph at lines 7--7
[][] 
 []


("EV_3_4_Describir los métodos geométrico, algebraico y desacoplo cinemático
.aux")
\openout1 = `"EV_3_4_Describir los métodos geométrico, algebraico y desacoplo
 cinemático.aux"'.

LaTeX Font Info:    Checking defaults for OML/cmm/m/it on input line 44.
LaTeX Font Info:    ... okay on input line 44.
LaTeX Font Info:    Checking defaults for T1/cmr/m/n on input line 44.
LaTeX Font Info:    ... okay on input line 44.
LaTeX Font Info:    Checking defaults for OT1/cmr/m/n on input line 44.
LaTeX Font Info:    ... okay on input line 44.
LaTeX Font Info:    Checking defaults for OMS/cmsy/m/n on input line 44.
LaTeX Font Info:    ... okay on input line 44.
LaTeX Font Info:    Checking defaults for OMX/cmex/m/n on input line 44.
LaTeX Font Info:    ... okay on input line 44.
LaTeX Font Info:    Checking defaults for U/cmr/m/n on input line 44.
LaTeX Font Info:    ... okay on input line 44.
LaTeX Font Info:    Try loading font information for OT1+bch on input line 44.

("C:\Users\Everardo\AppData\Local\Programs\MiKTeX 2.9\tex/latex/psnfss\ot1bch.f
d"
File: ot1bch.fd 2004/10/18 font definitions for OT1/bch.
)
\AtBeginShipoutBox=\box57

("C:\Users\Everardo\AppData\Local\Programs\MiKTeX 2.9\tex/context/base/mkii\sup
p-pdf.mkii"
[Loading MPS to PDF converter (version 2006.09.02).]
\scratchcounter=\count107
\scratchdimen=\dimen119
\scratchbox=\box58
\nofMPsegments=\count108
\nofMParguments=\count109
\everyMPshowfont=\toks22
\MPscratchCnt=\count110
\MPscratchDim=\dimen120
\MPnumerator=\count111
\makeMPintoPDFobject=\count112
\everyMPtoPDFconversion=\toks23
)
("C:\Users\Everardo\AppData\Local\Programs\MiKTeX 2.9\tex/latex/oberdiek\epstop
df-base.sty"
Package: epstopdf-base 2016/05/15 v2.6 Base part for package epstopdf

("C:\Users\Everardo\AppData\Local\Programs\MiKTeX 2.9\tex/latex/oberdiek\grfext
.sty"
Package: grfext 2016/05/16 v1.2 Manage graphics extensions (HO)

("C:\Users\Everardo\AppData\Local\Programs\MiKTeX 2.9\tex/generic/oberdiek\kvde
finekeys.sty"
Package: kvdefinekeys 2016/05/16 v1.4 Define keys (HO)
))
("C:\Users\Everardo\AppData\Local\Programs\MiKTeX 2.9\tex/latex/oberdiek\kvopti
ons.sty"
Package: kvoptions 2016/05/16 v3.12 Key value format for package options (HO)

("C:\Users\Everardo\AppData\Local\Programs\MiKTeX 2.9\tex/generic/oberdiek\kvse
tkeys.sty"
Package: kvsetkeys 2016/05/16 v1.17 Key value parser (HO)

("C:\Users\Everardo\AppData\Local\Programs\MiKTeX 2.9\tex/generic/oberdiek\etex
cmds.sty"
Package: etexcmds 2016/05/16 v1.6 Avoid name clashes with e-TeX commands (HO)

("C:\Users\Everardo\AppData\Local\Programs\MiKTeX 2.9\tex/generic/oberdiek\iflu
atex.sty"
Package: ifluatex 2016/05/16 v1.4 Provides the ifluatex switch (HO)
Package ifluatex Info: LuaTeX not detected.
))))
("C:\Users\Everardo\AppData\Local\Programs\MiKTeX 2.9\tex/generic/oberdiek\pdft
excmds.sty"
Package: pdftexcmds 2019/07/25 v0.30 Utility functions of pdfTeX for LuaTeX (HO
)
Package pdftexcmds Info: LuaTeX not detected.
Package pdftexcmds Info: \pdf@primitive is available.
Package pdftexcmds Info: \pdf@ifprimitive is available.
Package pdftexcmds Info: \pdfdraftmode found.
)
Package epstopdf-base Info: Redefining graphics rule for `.eps' on input line 4
38.
Package grfext Info: Graphics extension search list:
(grfext)             [.pdf,.png,.jpg,.mps,.jpeg,.jbig2,.jb2,.PDF,.PNG,.JPG,.JPE
G,.JBIG2,.JB2,.eps]
(grfext)             \AppendGraphicsExtensions on input line 456.
)
Package lastpage Info: Please have a look at the pageslts package at
(lastpage)             https://www.ctan.org/pkg/pageslts
(lastpage)             ! on input line 44.

("C:\Users\Everardo\AppData\Local\Programs\MiKTeX 2.9\tex/latex/oberdiek\pdflsc
ape.sty"
Package: pdflscape 2016/05/14 v0.11 Display of landscape pages in PDF (HO)

("C:\Users\Everardo\AppData\Local\Programs\MiKTeX 2.9\tex/latex/graphics\lscape
.sty"
Package: lscape 2000/10/22 v3.01 Landscape Pages (DPC)
)
Package pdflscape Info: Auto-detected driver: pdftex on input line 81.

("C:\Users\Everardo\AppData\Local\Programs\MiKTeX 2.9\tex/generic/ifxetex\ifxet
ex.sty"
Package: ifxetex 2010/09/12 v0.6 Provides ifxetex conditional
))
LaTeX Font Info:    External font `cmex10' loaded for size
(Font)              <7> on input line 46.
LaTeX Font Info:    External font `cmex10' loaded for size
(Font)              <5> on input line 46.

! Undefined control sequence.
\@zfancyhead ...1\hbox to\headwidth {\fancy@reset 
                                                  \@zfancyvbox \headheight {...
l.46 \begin{newlfm}
                   
The control sequence at the end of the top line
of your error message was never \def'ed. If you have
misspelled it (e.g., `\hobx'), type `I' and the correct
spelling (e.g., `I\hbox'). Otherwise just continue,
and I'll forget about whatever was undefined.

! Undefined control sequence.
<argument> ...arboxrestore \raggedright \f@ncyolh 
                                                  \@@par 
l.46 \begin{newlfm}
                   
The control sequence at the end of the top line
of your error message was never \def'ed. If you have
misspelled it (e.g., `\hobx'), type `I' and the correct
spelling (e.g., `I\hbox'). Otherwise just continue,
and I'll forget about whatever was undefined.

! Undefined control sequence.
<argument> ...@parboxrestore \centering \f@ncyolh 
                                                  \@@par 
l.46 \begin{newlfm}
                   
The control sequence at the end of the top line
of your error message was never \def'ed. If you have
misspelled it (e.g., `\hobx'), type `I' and the correct
spelling (e.g., `I\hbox'). Otherwise just continue,
and I'll forget about whatever was undefined.

! Undefined control sequence.
<argument> ...parboxrestore \raggedleft \f@ncyorh 
                                                  \@@par 
l.46 \begin{newlfm}
                   
The control sequence at the end of the top line
of your error message was never \def'ed. If you have
misspelled it (e.g., `\hobx'), type `I' and the correct
spelling (e.g., `I\hbox'). Otherwise just continue,
and I'll forget about whatever was undefined.


Underfull \hbox (badness 10000) detected at line 46
  
 []



pdfTeX warning: pdflatex (file ./algebraicodesacoplo.pdf): PDF inclusion: found
 PDF version <1.7>, but at most version <1.5> allowed
<algebraicodesacoplo.pdf, id=2, 614.295pt x 794.97pt>
File: algebraicodesacoplo.pdf Graphic file (type pdf)
<use algebraicodesacoplo.pdf>
Package pdftex.def Info: algebraicodesacoplo.pdf  used on input line 52.
(pdftex.def)             Requested size: 614.29349pt x 794.96806pt.


pdfTeX warning: pdflatex (file ./algebraicodesacoplo.pdf): PDF inclusion: found
 PDF version <1.7>, but at most version <1.5> allowed
File: algebraicodesacoplo.pdf Graphic file (type pdf)
<use algebraicodesacoplo.pdf>
Package pdftex.def Info: algebraicodesacoplo.pdf  used on input line 52.
(pdftex.def)             Requested size: 614.29349pt x 794.96806pt.


pdfTeX warning: pdflatex (file ./algebraicodesacoplo.pdf): PDF inclusion: found
 PDF version <1.7>, but at most version <1.5> allowed


pdfTeX warning: pdflatex (file ./algebraicodesacoplo.pdf): PDF inclusion: found
 PDF version <1.7>, but at most version <1.5> allowed
<algebraicodesacoplo.pdf, id=5, page=1, 614.295pt x 794.97pt>
File: algebraicodesacoplo.pdf Graphic file (type pdf)
<use algebraicodesacoplo.pdf, page 1>
Package pdftex.def Info: algebraicodesacoplo.pdf , page1 used on input line 52.

(pdftex.def)             Requested size: 614.29349pt x 794.96806pt.
File: algebraicodesacoplo.pdf Graphic file (type pdf)
<use algebraicodesacoplo.pdf, page 1>
Package pdftex.def Info: algebraicodesacoplo.pdf , page1 used on input line 52.

(pdftex.def)             Requested size: 614.58406pt x 795.3441pt.

Package Fancyhdr Warning: \headheight is too small (231.57774pt): 
Make it at least 234.77782pt.
We now make it that large for the rest of the document.
This may cause the page layout to be inconsistent, however.

[1


{C:/Users/Everardo/AppData/Local/MiKTeX/2.9/pdftex/config/pdftex.map} <./s.PNG 
(PNG copy)>]
File: algebraicodesacoplo.pdf Graphic file (type pdf)
<use algebraicodesacoplo.pdf, page 1>
Package pdftex.def Info: algebraicodesacoplo.pdf , page1 used on input line 52.

(pdftex.def)             Requested size: 614.58406pt x 795.3441pt.
File: algebraicodesacoplo.pdf Graphic file (type pdf)
<use algebraicodesacoplo.pdf, page 1>
Package pdftex.def Info: algebraicodesacoplo.pdf , page1 used on input line 52.

(pdftex.def)             Requested size: 614.58406pt x 795.3441pt.
File: algebraicodesacoplo.pdf Graphic file (type pdf)
<use algebraicodesacoplo.pdf, page 1>
Package pdftex.def Info: algebraicodesacoplo.pdf , page1 used on input line 52.

(pdftex.def)             Requested size: 614.58406pt x 795.3441pt.
 [2 <./algebraicodesacoplo.pdf>]

pdfTeX warning: pdflatex (file ./algebraicodesacoplo.pdf): PDF inclusion: found
 PDF version <1.7>, but at most version <1.5> allowed
<algebraicodesacoplo.pdf, id=28, page=2, 614.295pt x 794.97pt>
File: algebraicodesacoplo.pdf Graphic file (type pdf)
<use algebraicodesacoplo.pdf, page 2>
Package pdftex.def Info: algebraicodesacoplo.pdf , page2 used on input line 52.

(pdftex.def)             Requested size: 614.58406pt x 795.3441pt.
File: algebraicodesacoplo.pdf Graphic file (type pdf)
<use algebraicodesacoplo.pdf, page 2>
Package pdftex.def Info: algebraicodesacoplo.pdf , page2 used on input line 52.

(pdftex.def)             Requested size: 614.58406pt x 795.3441pt.
File: algebraicodesacoplo.pdf Graphic file (type pdf)
<use algebraicodesacoplo.pdf, page 2>
Package pdftex.def Info: algebraicodesacoplo.pdf , page2 used on input line 52.

(pdftex.def)             Requested size: 614.58406pt x 795.3441pt.
[3 <./algebraicodesacoplo.pdf>]

pdfTeX warning: pdflatex (file ./algebraicodesacoplo.pdf): PDF inclusion: found
 PDF version <1.7>, but at most version <1.5> allowed
<algebraicodesacoplo.pdf, id=42, page=3, 614.295pt x 794.97pt>
File: algebraicodesacoplo.pdf Graphic file (type pdf)
<use algebraicodesacoplo.pdf, page 3>
Package pdftex.def Info: algebraicodesacoplo.pdf , page3 used on input line 52.

(pdftex.def)             Requested size: 614.58406pt x 795.3441pt.
File: algebraicodesacoplo.pdf Graphic file (type pdf)
<use algebraicodesacoplo.pdf, page 3>
Package pdftex.def Info: algebraicodesacoplo.pdf , page3 used on input line 52.

(pdftex.def)             Requested size: 614.58406pt x 795.3441pt.
File: algebraicodesacoplo.pdf Graphic file (type pdf)
<use algebraicodesacoplo.pdf, page 3>
Package pdftex.def Info: algebraicodesacoplo.pdf , page3 used on input line 52.

(pdftex.def)             Requested size: 614.58406pt x 795.3441pt.
[4 <./algebraicodesacoplo.pdf>]

pdfTeX warning: pdflatex (file ./algebraicodesacoplo.pdf): PDF inclusion: found
 PDF version <1.7>, but at most version <1.5> allowed
<algebraicodesacoplo.pdf, id=48, page=4, 614.295pt x 794.97pt>
File: algebraicodesacoplo.pdf Graphic file (type pdf)
<use algebraicodesacoplo.pdf, page 4>
Package pdftex.def Info: algebraicodesacoplo.pdf , page4 used on input line 52.

(pdftex.def)             Requested size: 614.58406pt x 795.3441pt.
File: algebraicodesacoplo.pdf Graphic file (type pdf)
<use algebraicodesacoplo.pdf, page 4>
Package pdftex.def Info: algebraicodesacoplo.pdf , page4 used on input line 52.

(pdftex.def)             Requested size: 614.58406pt x 795.3441pt.
File: algebraicodesacoplo.pdf Graphic file (type pdf)
<use algebraicodesacoplo.pdf, page 4>
Package pdftex.def Info: algebraicodesacoplo.pdf , page4 used on input line 52.

(pdftex.def)             Requested size: 614.58406pt x 795.3441pt.
[5 <./algebraicodesacoplo.pdf>] [6] 
AED: lastpage setting LastPage

("EV_3_4_Describir los métodos geométrico, algebraico y desacoplo cinemático
.aux") ) 
Here is how much of TeX's memory you used:
 4852 strings out of 492895
 69479 string characters out of 3122334
 155035 words of memory out of 3000000
 8703 multiletter control sequences out of 15000+200000
 6559 words of font info for 18 fonts, out of 3000000 for 9000
 1141 hyphenation exceptions out of 8191
 41i,18n,46p,348b,678s stack positions out of 5000i,500n,10000p,200000b,50000s
{C:/Users/Everardo/AppData/Local/Programs/MiKTeX 2.9/fonts/enc/dvips/ba
se/8r.enc}<C:/Users/Everardo/AppData/Local/Programs/MiKTeX 2.9/fonts/type1/bits
trea/charter/bchr8a.pfb>
Output written on "EV_3_4_Describir los métodos geométrico, algebraico y desa
coplo cinemático.pdf" (6 pages, 688302 bytes).
PDF statistics:
 63 PDF objects out of 1000 (max. 8388607)
 0 named destinations out of 1000 (max. 500000)
 41 words of extra memory for PDF output out of 10000 (max. 10000000)

